<?xml version="1.0" encoding="UTF-8"?>
<robot generator="Robot 3.1.2 (Python 3.6.9 on linux)" generated="20200421 23:36:15.058" rpa="false">
<suite id="s1" name="Umarketmobi Login" source="/home/elsys/Desktop/Teste/umarket_ecom/umarket_ecom/umarketmobi_login.robot">
<test id="s1-t1" name="OpenPage">
<kw name="Open Browser" library="Selenium2Library">
<doc>Opens a new browser instance to the given ``url``.</doc>
<arguments>
<arg>${URL}</arg>
<arg>${browser}</arg>
</arguments>
<msg timestamp="20200421 23:36:15.180" level="INFO">Opening browser 'Chrome' to base url 'https://www.umarket.mobi/?siteRevision=138'.</msg>
<status status="PASS" starttime="20200421 23:36:15.179" endtime="20200421 23:36:28.060"></status>
</kw>
<kw name="Maximize Browser Window" library="Selenium2Library">
<doc>Maximizes current browser window.</doc>
<status status="PASS" starttime="20200421 23:36:28.060" endtime="20200421 23:36:28.165"></status>
</kw>
<kw name="Set Selenium Speed" library="Selenium2Library">
<doc>Sets the delay that is waited after each Selenium command.</doc>
<arguments>
<arg>1</arg>
</arguments>
<status status="PASS" starttime="20200421 23:36:28.165" endtime="20200421 23:36:28.165"></status>
</kw>
<status status="PASS" starttime="20200421 23:36:15.179" endtime="20200421 23:36:28.166" critical="yes"></status>
</test>
<test id="s1-t2" name="TitleTest">
<kw name="TitleofPage">
<kw name="Title Should Be" library="Selenium2Library">
<doc>Verifies that current page title equals ``title``.</doc>
<arguments>
<arg>UMarket</arg>
</arguments>
<msg timestamp="20200421 23:36:29.172" level="INFO">Page title is 'UMarket'.</msg>
<status status="PASS" starttime="20200421 23:36:28.167" endtime="20200421 23:36:29.172"></status>
</kw>
<status status="PASS" starttime="20200421 23:36:28.167" endtime="20200421 23:36:29.172"></status>
</kw>
<status status="PASS" starttime="20200421 23:36:28.166" endtime="20200421 23:36:29.172" critical="yes"></status>
</test>
<test id="s1-t3" name="Como_Funcionalink">
<kw name="Link_ComoFunciona_botao">
<kw name="Sleep" library="BuiltIn">
<doc>Pauses the test executed for the given time.</doc>
<arguments>
<arg>2</arg>
</arguments>
<msg timestamp="20200421 23:36:31.174" level="INFO">Slept 2 seconds</msg>
<status status="PASS" starttime="20200421 23:36:29.173" endtime="20200421 23:36:31.174"></status>
</kw>
<kw name="Click Element" library="Selenium2Library">
<doc>Click element identified by ``locator``.</doc>
<arguments>
<arg>xpath://p[@id='comp-ir9le55m1label']</arg>
</arguments>
<msg timestamp="20200421 23:36:31.175" level="INFO">Clicking element 'xpath://p[@id='comp-ir9le55m1label']'.</msg>
<status status="PASS" starttime="20200421 23:36:31.175" endtime="20200421 23:36:33.557"></status>
</kw>
<kw name="Sleep" library="BuiltIn">
<doc>Pauses the test executed for the given time.</doc>
<arguments>
<arg>1</arg>
</arguments>
<msg timestamp="20200421 23:36:34.557" level="INFO">Slept 1 second</msg>
<status status="PASS" starttime="20200421 23:36:33.557" endtime="20200421 23:36:34.558"></status>
</kw>
<kw name="Element Should Be Visible" library="Selenium2Library">
<doc>Verifies that the element identified by ``locator`` is visible.</doc>
<arguments>
<arg>xpath://*[@id="comp-irte5gp9menuContainer"]/li[2]</arg>
</arguments>
<msg timestamp="20200421 23:36:36.616" level="INFO">Element 'xpath://*[@id="comp-irte5gp9menuContainer"]/li[2]' is displayed.</msg>
<status status="PASS" starttime="20200421 23:36:34.558" endtime="20200421 23:36:36.617"></status>
</kw>
<status status="PASS" starttime="20200421 23:36:29.173" endtime="20200421 23:36:36.618"></status>
</kw>
<status status="PASS" starttime="20200421 23:36:29.173" endtime="20200421 23:36:36.618" critical="yes"></status>
</test>
<test id="s1-t4" name="Botao Planos">
<kw name="link_botao_Planos">
<kw name="Sleep" library="BuiltIn">
<doc>Pauses the test executed for the given time.</doc>
<arguments>
<arg>4</arg>
</arguments>
<msg timestamp="20200421 23:36:40.623" level="INFO">Slept 4 seconds</msg>
<status status="PASS" starttime="20200421 23:36:36.622" endtime="20200421 23:36:40.623"></status>
</kw>
<kw name="Click Element" library="Selenium2Library">
<doc>Click element identified by ``locator``.</doc>
<arguments>
<arg>xpath://p[@id='comp-ir9le55m2label']</arg>
</arguments>
<msg timestamp="20200421 23:36:40.625" level="INFO">Clicking element 'xpath://p[@id='comp-ir9le55m2label']'.</msg>
<status status="PASS" starttime="20200421 23:36:40.624" endtime="20200421 23:36:42.752"></status>
</kw>
<kw name="Sleep" library="BuiltIn">
<doc>Pauses the test executed for the given time.</doc>
<arguments>
<arg>5</arg>
</arguments>
<msg timestamp="20200421 23:36:47.753" level="INFO">Slept 5 seconds</msg>
<status status="PASS" starttime="20200421 23:36:42.753" endtime="20200421 23:36:47.754"></status>
</kw>
<kw name="Element Text Should Be" library="Selenium2Library">
<doc>Verifies that element ``locator`` contains exact text ``expected``.</doc>
<arguments>
<arg>xpath://h4[@class='font_4']</arg>
<arg>Nossos planos</arg>
</arguments>
<msg timestamp="20200421 23:36:47.755" level="INFO">Verifying element 'xpath://h4[@class='font_4']' contains exact text 'Nossos planos'.</msg>
<status status="PASS" starttime="20200421 23:36:47.754" endtime="20200421 23:36:49.806"></status>
</kw>
<status status="PASS" starttime="20200421 23:36:36.621" endtime="20200421 23:36:49.807"></status>
</kw>
<status status="PASS" starttime="20200421 23:36:36.620" endtime="20200421 23:36:49.807" critical="yes"></status>
</test>
<test id="s1-t5" name="Botao azul Nossos Planos">
<kw name="link_botao_azul_Nossos_planos">
<kw name="Sleep" library="BuiltIn">
<doc>Pauses the test executed for the given time.</doc>
<arguments>
<arg>5</arg>
</arguments>
<msg timestamp="20200421 23:36:54.812" level="INFO">Slept 5 seconds</msg>
<status status="PASS" starttime="20200421 23:36:49.811" endtime="20200421 23:36:54.812"></status>
</kw>
<kw name="Click Element" library="Selenium2Library">
<doc>Click element identified by ``locator``.</doc>
<arguments>
<arg>xpath://p[@id='comp-ir9le55m0label']</arg>
</arguments>
<msg timestamp="20200421 23:36:54.813" level="INFO">Clicking element 'xpath://p[@id='comp-ir9le55m0label']'.</msg>
<status status="PASS" starttime="20200421 23:36:54.813" endtime="20200421 23:36:57.126"></status>
</kw>
<kw name="Sleep" library="BuiltIn">
<doc>Pauses the test executed for the given time.</doc>
<arguments>
<arg>6</arg>
</arguments>
<msg timestamp="20200421 23:37:03.127" level="INFO">Slept 6 seconds</msg>
<status status="PASS" starttime="20200421 23:36:57.126" endtime="20200421 23:37:03.127"></status>
</kw>
<kw name="Click Element" library="Selenium2Library">
<doc>Click element identified by ``locator``.</doc>
<arguments>
<arg>xpath://p[@id='comp-ir9le55m1label']</arg>
</arguments>
<msg timestamp="20200421 23:37:03.128" level="INFO">Clicking element 'xpath://p[@id='comp-ir9le55m1label']'.</msg>
<status status="PASS" starttime="20200421 23:37:03.128" endtime="20200421 23:37:05.385"></status>
</kw>
<kw name="Sleep" library="BuiltIn">
<doc>Pauses the test executed for the given time.</doc>
<arguments>
<arg>6</arg>
</arguments>
<msg timestamp="20200421 23:37:11.387" level="INFO">Slept 6 seconds</msg>
<status status="PASS" starttime="20200421 23:37:05.386" endtime="20200421 23:37:11.387"></status>
</kw>
<kw name="Click Element" library="Selenium2Library">
<doc>Click element identified by ``locator``.</doc>
<arguments>
<arg>xpath://a[@id='comp-k91zcd66link']</arg>
</arguments>
<msg timestamp="20200421 23:37:11.388" level="INFO">Clicking element 'xpath://a[@id='comp-k91zcd66link']'.</msg>
<status status="PASS" starttime="20200421 23:37:11.388" endtime="20200421 23:37:13.602"></status>
</kw>
<kw name="Sleep" library="BuiltIn">
<doc>Pauses the test executed for the given time.</doc>
<arguments>
<arg>7</arg>
</arguments>
<msg timestamp="20200421 23:37:20.603" level="INFO">Slept 7 seconds</msg>
<status status="PASS" starttime="20200421 23:37:13.602" endtime="20200421 23:37:20.604"></status>
</kw>
<kw name="Element Text Should Be" library="Selenium2Library">
<doc>Verifies that element ``locator`` contains exact text ``expected``.</doc>
<arguments>
<arg>xpath://h4[@class='font_4']</arg>
<arg>Nossos planos</arg>
</arguments>
<msg timestamp="20200421 23:37:20.606" level="INFO">Verifying element 'xpath://h4[@class='font_4']' contains exact text 'Nossos planos'.</msg>
<status status="PASS" starttime="20200421 23:37:20.604" endtime="20200421 23:37:22.694"></status>
</kw>
<kw name="Sleep" library="BuiltIn">
<doc>Pauses the test executed for the given time.</doc>
<arguments>
<arg>4</arg>
</arguments>
<msg timestamp="20200421 23:37:26.696" level="INFO">Slept 4 seconds</msg>
<status status="PASS" starttime="20200421 23:37:22.695" endtime="20200421 23:37:26.697"></status>
</kw>
<status status="PASS" starttime="20200421 23:36:49.810" endtime="20200421 23:37:26.697"></status>
</kw>
<status status="PASS" starttime="20200421 23:36:49.808" endtime="20200421 23:37:26.698" critical="yes"></status>
</test>
<test id="s1-t6" name="Plano Mensal e Plano Anual">
<kw name="botao_plano_mensal_e_plano_anual">
<kw name="Sleep" library="BuiltIn">
<doc>Pauses the test executed for the given time.</doc>
<arguments>
<arg>3</arg>
</arguments>
<msg timestamp="20200421 23:37:29.703" level="INFO">Slept 3 seconds</msg>
<status status="PASS" starttime="20200421 23:37:26.702" endtime="20200421 23:37:29.703"></status>
</kw>
<kw name="Click Element" library="Selenium2Library">
<doc>Click element identified by ``locator``.</doc>
<arguments>
<arg>xpath://div[@class='style-k94g1bzl_innerLabel']</arg>
</arguments>
<msg timestamp="20200421 23:37:29.704" level="INFO">Clicking element 'xpath://div[@class='style-k94g1bzl_innerLabel']'.</msg>
<status status="PASS" starttime="20200421 23:37:29.704" endtime="20200421 23:37:31.855"></status>
</kw>
<kw name="Sleep" library="BuiltIn">
<doc>Pauses the test executed for the given time.</doc>
<arguments>
<arg>3</arg>
</arguments>
<msg timestamp="20200421 23:37:34.856" level="INFO">Slept 3 seconds</msg>
<status status="PASS" starttime="20200421 23:37:31.855" endtime="20200421 23:37:34.857"></status>
</kw>
<kw name="Click Element" library="Selenium2Library">
<doc>Click element identified by ``locator``.</doc>
<arguments>
<arg>xpath://p[@id='comp-ir9le55m0label']</arg>
</arguments>
<msg timestamp="20200421 23:37:34.858" level="INFO">Clicking element 'xpath://p[@id='comp-ir9le55m0label']'.</msg>
<status status="PASS" starttime="20200421 23:37:34.857" endtime="20200421 23:37:37.177"></status>
</kw>
<kw name="Sleep" library="BuiltIn">
<doc>Pauses the test executed for the given time.</doc>
<arguments>
<arg>6</arg>
</arguments>
<msg timestamp="20200421 23:37:43.179" level="INFO">Slept 6 seconds</msg>
<status status="PASS" starttime="20200421 23:37:37.178" endtime="20200421 23:37:43.179"></status>
</kw>
<status status="PASS" starttime="20200421 23:37:26.701" endtime="20200421 23:37:43.180"></status>
</kw>
<status status="PASS" starttime="20200421 23:37:26.699" endtime="20200421 23:37:43.180" critical="yes"></status>
</test>
<test id="s1-t7" name="Botao Cadastro">
<kw name="Fazer_Cadastro_Botao">
<kw name="Sleep" library="BuiltIn">
<doc>Pauses the test executed for the given time.</doc>
<arguments>
<arg>2</arg>
</arguments>
<msg timestamp="20200421 23:37:45.183" level="INFO">Slept 2 seconds</msg>
<status status="PASS" starttime="20200421 23:37:43.182" endtime="20200421 23:37:45.184"></status>
</kw>
<kw name="Click Element" library="Selenium2Library">
<doc>Click element identified by ``locator``.</doc>
<arguments>
<arg>xpath://a[@id='comp-k926fxxllink']</arg>
</arguments>
<msg timestamp="20200421 23:37:45.185" level="INFO">Clicking element 'xpath://a[@id='comp-k926fxxllink']'.</msg>
<status status="PASS" starttime="20200421 23:37:45.184" endtime="20200421 23:37:47.410"></status>
</kw>
<status status="PASS" starttime="20200421 23:37:43.182" endtime="20200421 23:37:47.410"></status>
</kw>
<status status="PASS" starttime="20200421 23:37:43.181" endtime="20200421 23:37:47.410" critical="yes"></status>
</test>
<test id="s1-t8" name="Dados do usuario correto">
<kw name="Cadastro dos dados usuario correto">
<kw name="Sleep" library="BuiltIn">
<doc>Pauses the test executed for the given time.</doc>
<arguments>
<arg>4</arg>
</arguments>
<msg timestamp="20200421 23:37:51.415" level="INFO">Slept 4 seconds</msg>
<status status="PASS" starttime="20200421 23:37:47.414" endtime="20200421 23:37:51.416"></status>
</kw>
<kw name="Input Text" library="Selenium2Library">
<doc>Types the given ``text`` into text field identified by ``locator``.</doc>
<arguments>
<arg>xpath://input[@id='comp-k8x5vaz9input']</arg>
<arg>Sophia Souza Santos de Pinho</arg>
</arguments>
<msg timestamp="20200421 23:37:51.417" level="INFO">Typing text 'Sophia Souza Santos de Pinho' into text field 'xpath://input[@id='comp-k8x5vaz9input']'.</msg>
<status status="PASS" starttime="20200421 23:37:51.416" endtime="20200421 23:37:55.151"></status>
</kw>
<kw name="Sleep" library="BuiltIn">
<doc>Pauses the test executed for the given time.</doc>
<arguments>
<arg>1</arg>
</arguments>
<msg timestamp="20200421 23:37:56.153" level="INFO">Slept 1 second</msg>
<status status="PASS" starttime="20200421 23:37:55.152" endtime="20200421 23:37:56.153"></status>
</kw>
<kw name="Input Text" library="Selenium2Library">
<doc>Types the given ``text`` into text field identified by ``locator``.</doc>
<arguments>
<arg>xpath://input[@id='comp-k8x5vhg1input']</arg>
<arg>+8618038196666</arg>
</arguments>
<msg timestamp="20200421 23:37:56.153" level="INFO">Typing text '+8618038196666' into text field 'xpath://input[@id='comp-k8x5vhg1input']'.</msg>
<status status="PASS" starttime="20200421 23:37:56.153" endtime="20200421 23:37:59.559"></status>
</kw>
<kw name="Sleep" library="BuiltIn">
<doc>Pauses the test executed for the given time.</doc>
<arguments>
<arg>1</arg>
</arguments>
<msg timestamp="20200421 23:38:00.560" level="INFO">Slept 1 second</msg>
<status status="PASS" starttime="20200421 23:37:59.559" endtime="20200421 23:38:00.560"></status>
</kw>
<kw name="Input Text" library="Selenium2Library">
<doc>Types the given ``text`` into text field identified by ``locator``.</doc>
<arguments>
<arg>xpath://input[@id='comp-jxad0a4einput']</arg>
<arg>sophia_pinho@gmail.com</arg>
</arguments>
<msg timestamp="20200421 23:38:00.561" level="INFO">Typing text 'sophia_pinho@gmail.com' into text field 'xpath://input[@id='comp-jxad0a4einput']'.</msg>
<status status="PASS" starttime="20200421 23:38:00.561" endtime="20200421 23:38:04.119"></status>
</kw>
<kw name="Sleep" library="BuiltIn">
<doc>Pauses the test executed for the given time.</doc>
<arguments>
<arg>1</arg>
</arguments>
<msg timestamp="20200421 23:38:05.120" level="INFO">Slept 1 second</msg>
<status status="PASS" starttime="20200421 23:38:04.119" endtime="20200421 23:38:05.120"></status>
</kw>
<kw name="Input Text" library="Selenium2Library">
<doc>Types the given ``text`` into text field identified by ``locator``.</doc>
<arguments>
<arg>xpath://input[@id='comp-k8x5vvl1input']</arg>
<arg>SP System Automation</arg>
</arguments>
<msg timestamp="20200421 23:38:05.121" level="INFO">Typing text 'SP System Automation' into text field 'xpath://input[@id='comp-k8x5vvl1input']'.</msg>
<status status="PASS" starttime="20200421 23:38:05.121" endtime="20200421 23:38:08.724"></status>
</kw>
<kw name="Sleep" library="BuiltIn">
<doc>Pauses the test executed for the given time.</doc>
<arguments>
<arg>1</arg>
</arguments>
<msg timestamp="20200421 23:38:09.725" level="INFO">Slept 1 second</msg>
<status status="PASS" starttime="20200421 23:38:08.724" endtime="20200421 23:38:09.726"></status>
</kw>
<kw name="Click Button" library="Selenium2Library">
<doc>Clicks button identified by ``locator``.</doc>
<arguments>
<arg>id:comp-jxad0a5mlink</arg>
</arguments>
<msg timestamp="20200421 23:38:09.727" level="INFO">Clicking button 'id:comp-jxad0a5mlink'.</msg>
<status status="PASS" starttime="20200421 23:38:09.726" endtime="20200421 23:38:14.852"></status>
</kw>
<status status="PASS" starttime="20200421 23:37:47.413" endtime="20200421 23:38:14.852"></status>
</kw>
<status status="PASS" starttime="20200421 23:37:47.412" endtime="20200421 23:38:14.853" critical="yes"></status>
</test>
<test id="s1-t9" name="Mensagem do cadastro sucesso">
<kw name="Cadastro com sucesso">
<kw name="Sleep" library="BuiltIn">
<doc>Pauses the test executed for the given time.</doc>
<arguments>
<arg>5</arg>
</arguments>
<msg timestamp="20200421 23:38:19.854" level="INFO">Slept 5 seconds</msg>
<status status="PASS" starttime="20200421 23:38:14.854" endtime="20200421 23:38:19.854"></status>
</kw>
<kw name="Element Text Should Be" library="Selenium2Library">
<doc>Verifies that element ``locator`` contains exact text ``expected``.</doc>
<arguments>
<arg>xpath://*[@id="comp-jxad0a66"]/span/p/span/span/span</arg>
<arg>Obrigado por se cadastrar!</arg>
</arguments>
<msg timestamp="20200421 23:38:19.855" level="INFO">Verifying element 'xpath://*[@id="comp-jxad0a66"]/span/p/span/span/span' contains exact text 'Obrigado por se cadastrar!'.</msg>
<status status="PASS" starttime="20200421 23:38:19.855" endtime="20200421 23:38:21.913"></status>
</kw>
<status status="PASS" starttime="20200421 23:38:14.853" endtime="20200421 23:38:21.913"></status>
</kw>
<status status="PASS" starttime="20200421 23:38:14.853" endtime="20200421 23:38:21.914" critical="yes"></status>
</test>
<test id="s1-t10" name="Login Facebook webpage">
<kw name="Login Facebook page">
<kw name="Sleep" library="BuiltIn">
<doc>Pauses the test executed for the given time.</doc>
<arguments>
<arg>3</arg>
</arguments>
<msg timestamp="20200421 23:38:24.918" level="INFO">Slept 3 seconds</msg>
<status status="PASS" starttime="20200421 23:38:21.917" endtime="20200421 23:38:24.919"></status>
</kw>
<kw name="Click Element" library="Selenium2Library">
<doc>Click element identified by ``locator``.</doc>
<arguments>
<arg>xpath://img[@id='comp-iruti9mw0imageimageimage']</arg>
</arguments>
<msg timestamp="20200421 23:38:24.920" level="INFO">Clicking element 'xpath://img[@id='comp-iruti9mw0imageimageimage']'.</msg>
<status status="PASS" starttime="20200421 23:38:24.919" endtime="20200421 23:38:27.047"></status>
</kw>
<kw name="Sleep" library="BuiltIn">
<doc>Pauses the test executed for the given time.</doc>
<arguments>
<arg>10</arg>
</arguments>
<msg timestamp="20200421 23:38:37.048" level="INFO">Slept 10 seconds</msg>
<status status="PASS" starttime="20200421 23:38:27.047" endtime="20200421 23:38:37.048"></status>
</kw>
<kw name="Select Window" library="Selenium2Library">
<doc>Selects browser window matching ``locator``.</doc>
<arguments>
<arg>title=Wix - Home | Facebook</arg>
</arguments>
<status status="PASS" starttime="20200421 23:38:37.049" endtime="20200421 23:38:50.220"></status>
</kw>
<kw name="Sleep" library="BuiltIn">
<doc>Pauses the test executed for the given time.</doc>
<arguments>
<arg>5</arg>
</arguments>
<msg timestamp="20200421 23:38:55.221" level="INFO">Slept 5 seconds</msg>
<status status="PASS" starttime="20200421 23:38:50.220" endtime="20200421 23:38:55.222"></status>
</kw>
<kw name="Get Title" library="Selenium2Library">
<doc>Returns the title of current page.</doc>
<assign>
<var>${title}</var>
</assign>
<msg timestamp="20200421 23:38:56.235" level="INFO">${title} = Wix - Home | Facebook</msg>
<status status="PASS" starttime="20200421 23:38:55.222" endtime="20200421 23:38:56.235"></status>
</kw>
<kw name="Log" library="BuiltIn">
<doc>Logs the given message with the given level.</doc>
<arguments>
<arg>${title}</arg>
</arguments>
<msg timestamp="20200421 23:38:56.236" level="INFO">Wix - Home | Facebook</msg>
<status status="PASS" starttime="20200421 23:38:56.235" endtime="20200421 23:38:56.236"></status>
</kw>
<kw name="Title Should Be" library="Selenium2Library">
<doc>Verifies that current page title equals ``title``.</doc>
<arguments>
<arg>Wix - Home | Facebook</arg>
</arguments>
<msg timestamp="20200421 23:38:57.247" level="INFO">Page title is 'Wix - Home | Facebook'.</msg>
<status status="PASS" starttime="20200421 23:38:56.237" endtime="20200421 23:38:57.248"></status>
</kw>
<kw name="Input Text" library="Selenium2Library">
<doc>Types the given ``text`` into text field identified by ``locator``.</doc>
<arguments>
<arg>xpath://table//input[@id='email']</arg>
<arg>facebook</arg>
</arguments>
<msg timestamp="20200421 23:38:57.249" level="INFO">Typing text 'facebook' into text field 'xpath://table//input[@id='email']'.</msg>
<status status="PASS" starttime="20200421 23:38:57.248" endtime="20200421 23:39:00.469"></status>
</kw>
<kw name="Sleep" library="BuiltIn">
<doc>Pauses the test executed for the given time.</doc>
<arguments>
<arg>10</arg>
</arguments>
<msg timestamp="20200421 23:39:10.470" level="INFO">Slept 10 seconds</msg>
<status status="PASS" starttime="20200421 23:39:00.469" endtime="20200421 23:39:10.471"></status>
</kw>
<kw name="Select Window" library="Selenium2Library">
<doc>Selects browser window matching ``locator``.</doc>
<arguments>
<arg>title=UMarket</arg>
</arguments>
<status status="PASS" starttime="20200421 23:39:10.471" endtime="20200421 23:39:18.560"></status>
</kw>
<status status="PASS" starttime="20200421 23:38:21.916" endtime="20200421 23:39:18.560"></status>
</kw>
<status status="PASS" starttime="20200421 23:38:21.915" endtime="20200421 23:39:18.561" critical="yes"></status>
</test>
<test id="s1-t11" name="Login to Tiwtter page">
<kw name="Login to Twitter">
<kw name="Sleep" library="BuiltIn">
<doc>Pauses the test executed for the given time.</doc>
<arguments>
<arg>8</arg>
</arguments>
<msg timestamp="20200421 23:39:26.565" level="INFO">Slept 8 seconds</msg>
<status status="PASS" starttime="20200421 23:39:18.565" endtime="20200421 23:39:26.566"></status>
</kw>
<kw name="Click Element" library="Selenium2Library">
<doc>Click element identified by ``locator``.</doc>
<arguments>
<arg>xpath://img[@id='comp-iruti9mw1imageimageimage']</arg>
</arguments>
<msg timestamp="20200421 23:39:26.567" level="INFO">Clicking element 'xpath://img[@id='comp-iruti9mw1imageimageimage']'.</msg>
<status status="PASS" starttime="20200421 23:39:26.566" endtime="20200421 23:39:28.699"></status>
</kw>
<kw name="Sleep" library="BuiltIn">
<doc>Pauses the test executed for the given time.</doc>
<arguments>
<arg>10</arg>
</arguments>
<msg timestamp="20200421 23:39:38.700" level="INFO">Slept 10 seconds</msg>
<status status="PASS" starttime="20200421 23:39:28.699" endtime="20200421 23:39:38.700"></status>
</kw>
<kw name="Select Window" library="Selenium2Library">
<doc>Selects browser window matching ``locator``.</doc>
<arguments>
<arg>title=Wix (@Wix) / Twitter</arg>
</arguments>
<status status="PASS" starttime="20200421 23:39:38.701" endtime="20200421 23:39:56.957"></status>
</kw>
<kw name="Get Title" library="Selenium2Library">
<doc>Returns the title of current page.</doc>
<assign>
<var>${title}</var>
</assign>
<msg timestamp="20200421 23:39:57.966" level="INFO">${title} = Wix (@Wix) / Twitter</msg>
<status status="PASS" starttime="20200421 23:39:56.957" endtime="20200421 23:39:57.966"></status>
</kw>
<kw name="Log" library="BuiltIn">
<doc>Logs the given message with the given level.</doc>
<arguments>
<arg>${title}</arg>
</arguments>
<msg timestamp="20200421 23:39:57.967" level="INFO">Wix (@Wix) / Twitter</msg>
<status status="PASS" starttime="20200421 23:39:57.967" endtime="20200421 23:39:57.967"></status>
</kw>
<kw name="Title Should Be" library="Selenium2Library">
<doc>Verifies that current page title equals ``title``.</doc>
<arguments>
<arg>Wix (@Wix) / Twitter</arg>
</arguments>
<msg timestamp="20200421 23:39:58.975" level="INFO">Page title is 'Wix (@Wix) / Twitter'.</msg>
<status status="PASS" starttime="20200421 23:39:57.967" endtime="20200421 23:39:58.975"></status>
</kw>
<kw name="Sleep" library="BuiltIn">
<doc>Pauses the test executed for the given time.</doc>
<arguments>
<arg>10</arg>
</arguments>
<msg timestamp="20200421 23:40:08.977" level="INFO">Slept 10 seconds</msg>
<status status="PASS" starttime="20200421 23:39:58.976" endtime="20200421 23:40:08.977"></status>
</kw>
<kw name="Select Window" library="Selenium2Library">
<doc>Selects browser window matching ``locator``.</doc>
<arguments>
<arg>title=UMarket</arg>
</arguments>
<status status="PASS" starttime="20200421 23:40:08.978" endtime="20200421 23:40:17.050"></status>
</kw>
<status status="PASS" starttime="20200421 23:39:18.564" endtime="20200421 23:40:17.051"></status>
</kw>
<status status="PASS" starttime="20200421 23:39:18.562" endtime="20200421 23:40:17.051" critical="yes"></status>
</test>
<test id="s1-t12" name="Login to Instagram">
<kw name="Login to Instagram">
<kw name="Sleep" library="BuiltIn">
<doc>Pauses the test executed for the given time.</doc>
<arguments>
<arg>8</arg>
</arguments>
<msg timestamp="20200421 23:40:25.055" level="INFO">Slept 8 seconds</msg>
<status status="PASS" starttime="20200421 23:40:17.055" endtime="20200421 23:40:25.056"></status>
</kw>
<kw name="Click Element" library="Selenium2Library">
<doc>Click element identified by ``locator``.</doc>
<arguments>
<arg>xpath://img[@id='comp-iruti9mw2imageimageimage']</arg>
</arguments>
<msg timestamp="20200421 23:40:25.057" level="INFO">Clicking element 'xpath://img[@id='comp-iruti9mw2imageimageimage']'.</msg>
<status status="PASS" starttime="20200421 23:40:25.056" endtime="20200421 23:40:27.177"></status>
</kw>
<kw name="Sleep" library="BuiltIn">
<doc>Pauses the test executed for the given time.</doc>
<arguments>
<arg>10</arg>
</arguments>
<msg timestamp="20200421 23:40:37.179" level="INFO">Slept 10 seconds</msg>
<status status="PASS" starttime="20200421 23:40:27.178" endtime="20200421 23:40:37.179"></status>
</kw>
<kw name="Select Window" library="Selenium2Library">
<doc>Selects browser window matching ``locator``.</doc>
<arguments>
<arg>title=Wix (@wix) • Instagram photos and videos</arg>
</arguments>
<status status="PASS" starttime="20200421 23:40:37.179" endtime="20200421 23:41:00.471"></status>
</kw>
<kw name="Get Title" library="Selenium2Library">
<doc>Returns the title of current page.</doc>
<assign>
<var>${title}</var>
</assign>
<msg timestamp="20200421 23:41:01.485" level="INFO">${title} = Wix (@wix) • Instagram photos and videos</msg>
<status status="PASS" starttime="20200421 23:41:00.472" endtime="20200421 23:41:01.485"></status>
</kw>
<kw name="Log" library="BuiltIn">
<doc>Logs the given message with the given level.</doc>
<arguments>
<arg>${title}</arg>
</arguments>
<msg timestamp="20200421 23:41:01.486" level="INFO">Wix (@wix) • Instagram photos and videos</msg>
<status status="PASS" starttime="20200421 23:41:01.485" endtime="20200421 23:41:01.487"></status>
</kw>
<kw name="Title Should Be" library="Selenium2Library">
<doc>Verifies that current page title equals ``title``.</doc>
<arguments>
<arg>Wix (@wix) • Instagram photos and videos</arg>
</arguments>
<msg timestamp="20200421 23:41:02.500" level="INFO">Page title is 'Wix (@wix) • Instagram photos and videos'.</msg>
<status status="PASS" starttime="20200421 23:41:01.487" endtime="20200421 23:41:02.500"></status>
</kw>
<kw name="Sleep" library="BuiltIn">
<doc>Pauses the test executed for the given time.</doc>
<arguments>
<arg>10</arg>
</arguments>
<msg timestamp="20200421 23:41:12.502" level="INFO">Slept 10 seconds</msg>
<status status="PASS" starttime="20200421 23:41:02.501" endtime="20200421 23:41:12.502"></status>
</kw>
<kw name="Select Window" library="Selenium2Library">
<doc>Selects browser window matching ``locator``.</doc>
<arguments>
<arg>title=UMarket</arg>
</arguments>
<status status="PASS" starttime="20200421 23:41:12.503" endtime="20200421 23:41:20.594"></status>
</kw>
<status status="PASS" starttime="20200421 23:40:17.054" endtime="20200421 23:41:20.594"></status>
</kw>
<status status="PASS" starttime="20200421 23:40:17.053" endtime="20200421 23:41:20.595" critical="yes"></status>
</test>
<test id="s1-t13" name="Login to LinkedIN page">
<kw name="login_linked_page">
<kw name="Sleep" library="BuiltIn">
<doc>Pauses the test executed for the given time.</doc>
<arguments>
<arg>8</arg>
</arguments>
<msg timestamp="20200421 23:41:28.600" level="INFO">Slept 8 seconds</msg>
<status status="PASS" starttime="20200421 23:41:20.599" endtime="20200421 23:41:28.601"></status>
</kw>
<kw name="Click Element" library="Selenium2Library">
<doc>Click element identified by ``locator``.</doc>
<arguments>
<arg>xpath://img[@id='comp-iruti9mw3imageimageimage']</arg>
</arguments>
<msg timestamp="20200421 23:41:28.602" level="INFO">Clicking element 'xpath://img[@id='comp-iruti9mw3imageimageimage']'.</msg>
<status status="PASS" starttime="20200421 23:41:28.602" endtime="20200421 23:41:30.726"></status>
</kw>
<kw name="Sleep" library="BuiltIn">
<doc>Pauses the test executed for the given time.</doc>
<arguments>
<arg>10</arg>
</arguments>
<msg timestamp="20200421 23:41:40.727" level="INFO">Slept 10 seconds</msg>
<status status="PASS" starttime="20200421 23:41:30.726" endtime="20200421 23:41:40.728"></status>
</kw>
<kw name="Select Window" library="Selenium2Library">
<doc>Selects browser window matching ``locator``.</doc>
<arguments>
<arg>title=Wix.com | LinkedIn</arg>
</arguments>
<status status="PASS" starttime="20200421 23:41:40.728" endtime="20200421 23:42:09.139"></status>
</kw>
<kw name="Get Title" library="Selenium2Library">
<doc>Returns the title of current page.</doc>
<assign>
<var>${title}</var>
</assign>
<msg timestamp="20200421 23:42:10.146" level="INFO">${title} = Wix.com | LinkedIn</msg>
<status status="PASS" starttime="20200421 23:42:09.139" endtime="20200421 23:42:10.146"></status>
</kw>
<kw name="Log" library="BuiltIn">
<doc>Logs the given message with the given level.</doc>
<arguments>
<arg>${title}</arg>
</arguments>
<msg timestamp="20200421 23:42:10.147" level="INFO">Wix.com | LinkedIn</msg>
<status status="PASS" starttime="20200421 23:42:10.146" endtime="20200421 23:42:10.147"></status>
</kw>
<kw name="Title Should Be" library="Selenium2Library">
<doc>Verifies that current page title equals ``title``.</doc>
<arguments>
<arg>Wix.com | LinkedIn</arg>
</arguments>
<msg timestamp="20200421 23:42:11.160" level="INFO">Page title is 'Wix.com | LinkedIn'.</msg>
<status status="PASS" starttime="20200421 23:42:10.148" endtime="20200421 23:42:11.161"></status>
</kw>
<kw name="Sleep" library="BuiltIn">
<doc>Pauses the test executed for the given time.</doc>
<arguments>
<arg>10</arg>
</arguments>
<msg timestamp="20200421 23:42:21.163" level="INFO">Slept 10 seconds</msg>
<status status="PASS" starttime="20200421 23:42:11.162" endtime="20200421 23:42:21.163"></status>
</kw>
<kw name="Select Window" library="Selenium2Library">
<doc>Selects browser window matching ``locator``.</doc>
<arguments>
<arg>title=UMarket</arg>
</arguments>
<status status="PASS" starttime="20200421 23:42:21.164" endtime="20200421 23:42:29.254"></status>
</kw>
<status status="PASS" starttime="20200421 23:41:20.598" endtime="20200421 23:42:29.255"></status>
</kw>
<status status="PASS" starttime="20200421 23:41:20.597" endtime="20200421 23:42:29.255" critical="yes"></status>
</test>
<doc>Andres Villas - Umarket Mobi Website Test Case</doc>
<status status="PASS" starttime="20200421 23:36:15.058" endtime="20200421 23:42:29.263"></status>
</suite>
<statistics>
<total>
<stat pass="13" fail="0">Critical Tests</stat>
<stat pass="13" fail="0">All Tests</stat>
</total>
<tag>
</tag>
<suite>
<stat pass="13" fail="0" id="s1" name="Umarketmobi Login">Umarketmobi Login</stat>
</suite>
</statistics>
<errors>
</errors>
</robot>
