<?xml version="1.0" encoding="UTF-8"?>
<robot generator="Robot 3.1.2 (Python 3.6.9 on linux)" generated="20200422 00:28:20.285" rpa="false">
<suite id="s1" name="Umarketmobi Firefox" source="/home/elsys/Desktop/Teste/umarket_ecom/umarket_ecom/Firefox/umarketmobi_firefox.robot">
<test id="s1-t1" name="OpenPage">
<kw name="Open Browser" library="Selenium2Library">
<doc>Opens a new browser instance to the given ``url``.</doc>
<arguments>
<arg>${URL}</arg>
<arg>${browser}</arg>
</arguments>
<msg timestamp="20200422 00:28:20.404" level="INFO">Opening browser 'Firefox' to base url 'https://www.umarket.mobi/?siteRevision=138'.</msg>
<msg timestamp="20200422 00:28:20.404" level="INFO">Firefox driver log is always forced to to: /home/elsys/Desktop/Teste/umarket_ecom/umarket_ecom/Firefox/geckodriver-1.log</msg>
<status status="PASS" starttime="20200422 00:28:20.403" endtime="20200422 00:28:40.140"></status>
</kw>
<kw name="Maximize Browser Window" library="Selenium2Library">
<doc>Maximizes current browser window.</doc>
<status status="PASS" starttime="20200422 00:28:40.140" endtime="20200422 00:28:40.438"></status>
</kw>
<kw name="Set Selenium Speed" library="Selenium2Library">
<doc>Sets the delay that is waited after each Selenium command.</doc>
<arguments>
<arg>1</arg>
</arguments>
<status status="PASS" starttime="20200422 00:28:40.438" endtime="20200422 00:28:40.438"></status>
</kw>
<status status="PASS" starttime="20200422 00:28:20.403" endtime="20200422 00:28:40.439" critical="yes"></status>
</test>
<test id="s1-t2" name="TitleTest">
<kw name="TitleofPage">
<kw name="Title Should Be" library="Selenium2Library">
<doc>Verifies that current page title equals ``title``.</doc>
<arguments>
<arg>UMarket</arg>
</arguments>
<msg timestamp="20200422 00:28:41.445" level="INFO">Page title is 'UMarket'.</msg>
<status status="PASS" starttime="20200422 00:28:40.441" endtime="20200422 00:28:41.446"></status>
</kw>
<status status="PASS" starttime="20200422 00:28:40.441" endtime="20200422 00:28:41.446"></status>
</kw>
<status status="PASS" starttime="20200422 00:28:40.440" endtime="20200422 00:28:41.447" critical="yes"></status>
</test>
<test id="s1-t3" name="Como_Funcionalink">
<kw name="Link_ComoFunciona_botao">
<kw name="Sleep" library="BuiltIn">
<doc>Pauses the test executed for the given time.</doc>
<arguments>
<arg>2</arg>
</arguments>
<msg timestamp="20200422 00:28:43.451" level="INFO">Slept 2 seconds</msg>
<status status="PASS" starttime="20200422 00:28:41.450" endtime="20200422 00:28:43.451"></status>
</kw>
<kw name="Click Element" library="Selenium2Library">
<doc>Click element identified by ``locator``.</doc>
<arguments>
<arg>xpath://p[@id='comp-ir9le55m1label']</arg>
</arguments>
<msg timestamp="20200422 00:28:43.453" level="INFO">Clicking element 'xpath://p[@id='comp-ir9le55m1label']'.</msg>
<status status="PASS" starttime="20200422 00:28:43.452" endtime="20200422 00:28:46.003"></status>
</kw>
<kw name="Sleep" library="BuiltIn">
<doc>Pauses the test executed for the given time.</doc>
<arguments>
<arg>1</arg>
</arguments>
<msg timestamp="20200422 00:28:47.003" level="INFO">Slept 1 second</msg>
<status status="PASS" starttime="20200422 00:28:46.003" endtime="20200422 00:28:47.004"></status>
</kw>
<kw name="Element Should Be Visible" library="Selenium2Library">
<doc>Verifies that the element identified by ``locator`` is visible.</doc>
<arguments>
<arg>xpath://*[@id="comp-irte5gp9menuContainer"]/li[2]</arg>
</arguments>
<msg timestamp="20200422 00:28:49.065" level="INFO">Element 'xpath://*[@id="comp-irte5gp9menuContainer"]/li[2]' is displayed.</msg>
<status status="PASS" starttime="20200422 00:28:47.004" endtime="20200422 00:28:49.065"></status>
</kw>
<status status="PASS" starttime="20200422 00:28:41.449" endtime="20200422 00:28:49.066"></status>
</kw>
<status status="PASS" starttime="20200422 00:28:41.448" endtime="20200422 00:28:49.066" critical="yes"></status>
</test>
<test id="s1-t4" name="Botao Planos">
<kw name="link_botao_Planos">
<kw name="Sleep" library="BuiltIn">
<doc>Pauses the test executed for the given time.</doc>
<arguments>
<arg>4</arg>
</arguments>
<msg timestamp="20200422 00:28:53.070" level="INFO">Slept 4 seconds</msg>
<status status="PASS" starttime="20200422 00:28:49.069" endtime="20200422 00:28:53.071"></status>
</kw>
<kw name="Click Element" library="Selenium2Library">
<doc>Click element identified by ``locator``.</doc>
<arguments>
<arg>xpath://p[@id='comp-ir9le55m2label']</arg>
</arguments>
<msg timestamp="20200422 00:28:53.072" level="INFO">Clicking element 'xpath://p[@id='comp-ir9le55m2label']'.</msg>
<status status="PASS" starttime="20200422 00:28:53.071" endtime="20200422 00:28:55.481"></status>
</kw>
<kw name="Sleep" library="BuiltIn">
<doc>Pauses the test executed for the given time.</doc>
<arguments>
<arg>5</arg>
</arguments>
<msg timestamp="20200422 00:29:00.482" level="INFO">Slept 5 seconds</msg>
<status status="PASS" starttime="20200422 00:28:55.481" endtime="20200422 00:29:00.482"></status>
</kw>
<kw name="Element Text Should Be" library="Selenium2Library">
<doc>Verifies that element ``locator`` contains exact text ``expected``.</doc>
<arguments>
<arg>xpath://h4[@class='font_4']</arg>
<arg>Nossos planos</arg>
</arguments>
<msg timestamp="20200422 00:29:00.483" level="INFO">Verifying element 'xpath://h4[@class='font_4']' contains exact text 'Nossos planos'.</msg>
<status status="PASS" starttime="20200422 00:29:00.482" endtime="20200422 00:29:02.512"></status>
</kw>
<status status="PASS" starttime="20200422 00:28:49.068" endtime="20200422 00:29:02.512"></status>
</kw>
<status status="PASS" starttime="20200422 00:28:49.067" endtime="20200422 00:29:02.512" critical="yes"></status>
</test>
<test id="s1-t5" name="Botao azul Nossos Planos">
<kw name="link_botao_azul_Nossos_planos">
<kw name="Sleep" library="BuiltIn">
<doc>Pauses the test executed for the given time.</doc>
<arguments>
<arg>5</arg>
</arguments>
<msg timestamp="20200422 00:29:07.514" level="INFO">Slept 5 seconds</msg>
<status status="PASS" starttime="20200422 00:29:02.514" endtime="20200422 00:29:07.515"></status>
</kw>
<kw name="Click Element" library="Selenium2Library">
<doc>Click element identified by ``locator``.</doc>
<arguments>
<arg>xpath://p[@id='comp-ir9le55m0label']</arg>
</arguments>
<msg timestamp="20200422 00:29:07.515" level="INFO">Clicking element 'xpath://p[@id='comp-ir9le55m0label']'.</msg>
<status status="PASS" starttime="20200422 00:29:07.515" endtime="20200422 00:29:10.299"></status>
</kw>
<kw name="Sleep" library="BuiltIn">
<doc>Pauses the test executed for the given time.</doc>
<arguments>
<arg>6</arg>
</arguments>
<msg timestamp="20200422 00:29:16.300" level="INFO">Slept 6 seconds</msg>
<status status="PASS" starttime="20200422 00:29:10.299" endtime="20200422 00:29:16.300"></status>
</kw>
<kw name="Click Element" library="Selenium2Library">
<doc>Click element identified by ``locator``.</doc>
<arguments>
<arg>xpath://p[@id='comp-ir9le55m1label']</arg>
</arguments>
<msg timestamp="20200422 00:29:16.301" level="INFO">Clicking element 'xpath://p[@id='comp-ir9le55m1label']'.</msg>
<status status="PASS" starttime="20200422 00:29:16.301" endtime="20200422 00:29:18.709"></status>
</kw>
<kw name="Sleep" library="BuiltIn">
<doc>Pauses the test executed for the given time.</doc>
<arguments>
<arg>6</arg>
</arguments>
<msg timestamp="20200422 00:29:24.711" level="INFO">Slept 6 seconds</msg>
<status status="PASS" starttime="20200422 00:29:18.710" endtime="20200422 00:29:24.711"></status>
</kw>
<kw name="Click Element" library="Selenium2Library">
<doc>Click element identified by ``locator``.</doc>
<arguments>
<arg>xpath://a[@id='comp-k91zcd66link']</arg>
</arguments>
<msg timestamp="20200422 00:29:24.712" level="INFO">Clicking element 'xpath://a[@id='comp-k91zcd66link']'.</msg>
<status status="PASS" starttime="20200422 00:29:24.712" endtime="20200422 00:29:27.771"></status>
</kw>
<kw name="Sleep" library="BuiltIn">
<doc>Pauses the test executed for the given time.</doc>
<arguments>
<arg>7</arg>
</arguments>
<msg timestamp="20200422 00:29:34.772" level="INFO">Slept 7 seconds</msg>
<status status="PASS" starttime="20200422 00:29:27.771" endtime="20200422 00:29:34.772"></status>
</kw>
<kw name="Element Text Should Be" library="Selenium2Library">
<doc>Verifies that element ``locator`` contains exact text ``expected``.</doc>
<arguments>
<arg>xpath://h4[@class='font_4']</arg>
<arg>Nossos planos</arg>
</arguments>
<msg timestamp="20200422 00:29:34.774" level="INFO">Verifying element 'xpath://h4[@class='font_4']' contains exact text 'Nossos planos'.</msg>
<status status="PASS" starttime="20200422 00:29:34.773" endtime="20200422 00:29:36.805"></status>
</kw>
<kw name="Sleep" library="BuiltIn">
<doc>Pauses the test executed for the given time.</doc>
<arguments>
<arg>4</arg>
</arguments>
<msg timestamp="20200422 00:29:40.806" level="INFO">Slept 4 seconds</msg>
<status status="PASS" starttime="20200422 00:29:36.806" endtime="20200422 00:29:40.807"></status>
</kw>
<status status="PASS" starttime="20200422 00:29:02.514" endtime="20200422 00:29:40.807"></status>
</kw>
<status status="PASS" starttime="20200422 00:29:02.513" endtime="20200422 00:29:40.808" critical="yes"></status>
</test>
<test id="s1-t6" name="Plano Mensal e Plano Anual">
<kw name="botao_plano_mensal_e_plano_anual">
<kw name="Sleep" library="BuiltIn">
<doc>Pauses the test executed for the given time.</doc>
<arguments>
<arg>3</arg>
</arguments>
<msg timestamp="20200422 00:29:43.812" level="INFO">Slept 3 seconds</msg>
<status status="PASS" starttime="20200422 00:29:40.811" endtime="20200422 00:29:43.813"></status>
</kw>
<kw name="Click Element" library="Selenium2Library">
<doc>Click element identified by ``locator``.</doc>
<arguments>
<arg>xpath://div[@class='style-k94g1bzl_innerLabel']</arg>
</arguments>
<msg timestamp="20200422 00:29:43.814" level="INFO">Clicking element 'xpath://div[@class='style-k94g1bzl_innerLabel']'.</msg>
<status status="PASS" starttime="20200422 00:29:43.813" endtime="20200422 00:29:46.175"></status>
</kw>
<kw name="Sleep" library="BuiltIn">
<doc>Pauses the test executed for the given time.</doc>
<arguments>
<arg>3</arg>
</arguments>
<msg timestamp="20200422 00:29:49.176" level="INFO">Slept 3 seconds</msg>
<status status="PASS" starttime="20200422 00:29:46.175" endtime="20200422 00:29:49.176"></status>
</kw>
<kw name="Click Element" library="Selenium2Library">
<doc>Click element identified by ``locator``.</doc>
<arguments>
<arg>xpath://p[@id='comp-ir9le55m0label']</arg>
</arguments>
<msg timestamp="20200422 00:29:49.177" level="INFO">Clicking element 'xpath://p[@id='comp-ir9le55m0label']'.</msg>
<status status="PASS" starttime="20200422 00:29:49.176" endtime="20200422 00:29:51.943"></status>
</kw>
<kw name="Sleep" library="BuiltIn">
<doc>Pauses the test executed for the given time.</doc>
<arguments>
<arg>6</arg>
</arguments>
<msg timestamp="20200422 00:29:57.944" level="INFO">Slept 6 seconds</msg>
<status status="PASS" starttime="20200422 00:29:51.943" endtime="20200422 00:29:57.944"></status>
</kw>
<status status="PASS" starttime="20200422 00:29:40.811" endtime="20200422 00:29:57.945"></status>
</kw>
<status status="PASS" starttime="20200422 00:29:40.809" endtime="20200422 00:29:57.945" critical="yes"></status>
</test>
<test id="s1-t7" name="Botao Cadastro">
<kw name="Fazer_Cadastro_Botao">
<kw name="Sleep" library="BuiltIn">
<doc>Pauses the test executed for the given time.</doc>
<arguments>
<arg>2</arg>
</arguments>
<msg timestamp="20200422 00:29:59.948" level="INFO">Slept 2 seconds</msg>
<status status="PASS" starttime="20200422 00:29:57.947" endtime="20200422 00:29:59.948"></status>
</kw>
<kw name="Click Element" library="Selenium2Library">
<doc>Click element identified by ``locator``.</doc>
<arguments>
<arg>xpath://a[@id='comp-k926fxxllink']</arg>
</arguments>
<msg timestamp="20200422 00:29:59.949" level="INFO">Clicking element 'xpath://a[@id='comp-k926fxxllink']'.</msg>
<status status="PASS" starttime="20200422 00:29:59.949" endtime="20200422 00:30:02.436"></status>
</kw>
<status status="PASS" starttime="20200422 00:29:57.947" endtime="20200422 00:30:02.436"></status>
</kw>
<status status="PASS" starttime="20200422 00:29:57.946" endtime="20200422 00:30:02.437" critical="yes"></status>
</test>
<test id="s1-t8" name="Dados do usuario correto">
<kw name="Cadastro dos dados usuario correto">
<kw name="Sleep" library="BuiltIn">
<doc>Pauses the test executed for the given time.</doc>
<arguments>
<arg>4</arg>
</arguments>
<msg timestamp="20200422 00:30:06.441" level="INFO">Slept 4 seconds</msg>
<status status="PASS" starttime="20200422 00:30:02.440" endtime="20200422 00:30:06.441"></status>
</kw>
<kw name="Input Text" library="Selenium2Library">
<doc>Types the given ``text`` into text field identified by ``locator``.</doc>
<arguments>
<arg>xpath://input[@id='comp-k8x5vaz9input']</arg>
<arg>Sophia Souza Santos de Pinho</arg>
</arguments>
<msg timestamp="20200422 00:30:06.441" level="INFO">Typing text 'Sophia Souza Santos de Pinho' into text field 'xpath://input[@id='comp-k8x5vaz9input']'.</msg>
<status status="PASS" starttime="20200422 00:30:06.441" endtime="20200422 00:30:09.993"></status>
</kw>
<kw name="Sleep" library="BuiltIn">
<doc>Pauses the test executed for the given time.</doc>
<arguments>
<arg>1</arg>
</arguments>
<msg timestamp="20200422 00:30:10.994" level="INFO">Slept 1 second</msg>
<status status="PASS" starttime="20200422 00:30:09.994" endtime="20200422 00:30:10.995"></status>
</kw>
<kw name="Input Text" library="Selenium2Library">
<doc>Types the given ``text`` into text field identified by ``locator``.</doc>
<arguments>
<arg>xpath://input[@id='comp-k8x5vhg1input']</arg>
<arg>+8618038196666</arg>
</arguments>
<msg timestamp="20200422 00:30:10.996" level="INFO">Typing text '+8618038196666' into text field 'xpath://input[@id='comp-k8x5vhg1input']'.</msg>
<status status="PASS" starttime="20200422 00:30:10.995" endtime="20200422 00:30:14.334"></status>
</kw>
<kw name="Sleep" library="BuiltIn">
<doc>Pauses the test executed for the given time.</doc>
<arguments>
<arg>1</arg>
</arguments>
<msg timestamp="20200422 00:30:15.336" level="INFO">Slept 1 second</msg>
<status status="PASS" starttime="20200422 00:30:14.334" endtime="20200422 00:30:15.336"></status>
</kw>
<kw name="Input Text" library="Selenium2Library">
<doc>Types the given ``text`` into text field identified by ``locator``.</doc>
<arguments>
<arg>xpath://input[@id='comp-jxad0a4einput']</arg>
<arg>sophia_pinho@gmail.com</arg>
</arguments>
<msg timestamp="20200422 00:30:15.337" level="INFO">Typing text 'sophia_pinho@gmail.com' into text field 'xpath://input[@id='comp-jxad0a4einput']'.</msg>
<status status="PASS" starttime="20200422 00:30:15.336" endtime="20200422 00:30:18.806"></status>
</kw>
<kw name="Sleep" library="BuiltIn">
<doc>Pauses the test executed for the given time.</doc>
<arguments>
<arg>1</arg>
</arguments>
<msg timestamp="20200422 00:30:19.807" level="INFO">Slept 1 second</msg>
<status status="PASS" starttime="20200422 00:30:18.806" endtime="20200422 00:30:19.808"></status>
</kw>
<kw name="Input Text" library="Selenium2Library">
<doc>Types the given ``text`` into text field identified by ``locator``.</doc>
<arguments>
<arg>xpath://input[@id='comp-k8x5vvl1input']</arg>
<arg>SP System Automation</arg>
</arguments>
<msg timestamp="20200422 00:30:19.808" level="INFO">Typing text 'SP System Automation' into text field 'xpath://input[@id='comp-k8x5vvl1input']'.</msg>
<status status="PASS" starttime="20200422 00:30:19.808" endtime="20200422 00:30:23.366"></status>
</kw>
<kw name="Sleep" library="BuiltIn">
<doc>Pauses the test executed for the given time.</doc>
<arguments>
<arg>1</arg>
</arguments>
<msg timestamp="20200422 00:30:24.367" level="INFO">Slept 1 second</msg>
<status status="PASS" starttime="20200422 00:30:23.366" endtime="20200422 00:30:24.367"></status>
</kw>
<kw name="Click Button" library="Selenium2Library">
<doc>Clicks button identified by ``locator``.</doc>
<arguments>
<arg>id:comp-jxad0a5mlink</arg>
</arguments>
<msg timestamp="20200422 00:30:24.368" level="INFO">Clicking button 'id:comp-jxad0a5mlink'.</msg>
<status status="PASS" starttime="20200422 00:30:24.367" endtime="20200422 00:30:29.695"></status>
</kw>
<status status="PASS" starttime="20200422 00:30:02.439" endtime="20200422 00:30:29.695"></status>
</kw>
<status status="PASS" starttime="20200422 00:30:02.438" endtime="20200422 00:30:29.695" critical="yes"></status>
</test>
<test id="s1-t9" name="Mensagem do cadastro sucesso">
<kw name="Cadastro com sucesso">
<kw name="Sleep" library="BuiltIn">
<doc>Pauses the test executed for the given time.</doc>
<arguments>
<arg>5</arg>
</arguments>
<msg timestamp="20200422 00:30:34.698" level="INFO">Slept 5 seconds</msg>
<status status="PASS" starttime="20200422 00:30:29.697" endtime="20200422 00:30:34.699"></status>
</kw>
<kw name="Element Text Should Be" library="Selenium2Library">
<doc>Verifies that element ``locator`` contains exact text ``expected``.</doc>
<arguments>
<arg>xpath://*[@id="comp-jxad0a66"]/span/p/span/span/span</arg>
<arg>Obrigado por se cadastrar!</arg>
</arguments>
<msg timestamp="20200422 00:30:34.701" level="INFO">Verifying element 'xpath://*[@id="comp-jxad0a66"]/span/p/span/span/span' contains exact text 'Obrigado por se cadastrar!'.</msg>
<status status="PASS" starttime="20200422 00:30:34.700" endtime="20200422 00:30:36.750"></status>
</kw>
<status status="PASS" starttime="20200422 00:30:29.697" endtime="20200422 00:30:36.750"></status>
</kw>
<status status="PASS" starttime="20200422 00:30:29.696" endtime="20200422 00:30:36.751" critical="yes"></status>
</test>
<test id="s1-t10" name="Login Facebook webpage">
<kw name="Login Facebook page">
<kw name="Sleep" library="BuiltIn">
<doc>Pauses the test executed for the given time.</doc>
<arguments>
<arg>3</arg>
</arguments>
<msg timestamp="20200422 00:30:39.755" level="INFO">Slept 3 seconds</msg>
<status status="PASS" starttime="20200422 00:30:36.754" endtime="20200422 00:30:39.756"></status>
</kw>
<kw name="Click Element" library="Selenium2Library">
<doc>Click element identified by ``locator``.</doc>
<arguments>
<arg>xpath://img[@id='comp-iruti9mw0imageimageimage']</arg>
</arguments>
<msg timestamp="20200422 00:30:39.757" level="INFO">Clicking element 'xpath://img[@id='comp-iruti9mw0imageimageimage']'.</msg>
<status status="PASS" starttime="20200422 00:30:39.756" endtime="20200422 00:30:42.015"></status>
</kw>
<kw name="Sleep" library="BuiltIn">
<doc>Pauses the test executed for the given time.</doc>
<arguments>
<arg>10</arg>
</arguments>
<msg timestamp="20200422 00:30:52.015" level="INFO">Slept 10 seconds</msg>
<status status="PASS" starttime="20200422 00:30:42.015" endtime="20200422 00:30:52.015"></status>
</kw>
<kw name="Select Window" library="Selenium2Library">
<doc>Selects browser window matching ``locator``.</doc>
<arguments>
<arg>title=Wix - Home | Facebook</arg>
</arguments>
<status status="PASS" starttime="20200422 00:30:52.016" endtime="20200422 00:31:05.112"></status>
</kw>
<kw name="Sleep" library="BuiltIn">
<doc>Pauses the test executed for the given time.</doc>
<arguments>
<arg>5</arg>
</arguments>
<msg timestamp="20200422 00:31:10.113" level="INFO">Slept 5 seconds</msg>
<status status="PASS" starttime="20200422 00:31:05.112" endtime="20200422 00:31:10.113"></status>
</kw>
<kw name="Get Title" library="Selenium2Library">
<doc>Returns the title of current page.</doc>
<assign>
<var>${title}</var>
</assign>
<msg timestamp="20200422 00:31:11.118" level="INFO">${title} = Wix - Home | Facebook</msg>
<status status="PASS" starttime="20200422 00:31:10.113" endtime="20200422 00:31:11.118"></status>
</kw>
<kw name="Log" library="BuiltIn">
<doc>Logs the given message with the given level.</doc>
<arguments>
<arg>${title}</arg>
</arguments>
<msg timestamp="20200422 00:31:11.119" level="INFO">Wix - Home | Facebook</msg>
<status status="PASS" starttime="20200422 00:31:11.118" endtime="20200422 00:31:11.120"></status>
</kw>
<kw name="Title Should Be" library="Selenium2Library">
<doc>Verifies that current page title equals ``title``.</doc>
<arguments>
<arg>Wix - Home | Facebook</arg>
</arguments>
<msg timestamp="20200422 00:31:12.127" level="INFO">Page title is 'Wix - Home | Facebook'.</msg>
<status status="PASS" starttime="20200422 00:31:11.120" endtime="20200422 00:31:12.127"></status>
</kw>
<kw name="Input Text" library="Selenium2Library">
<doc>Types the given ``text`` into text field identified by ``locator``.</doc>
<arguments>
<arg>xpath://table//input[@id='email']</arg>
<arg>facebook</arg>
</arguments>
<msg timestamp="20200422 00:31:12.128" level="INFO">Typing text 'facebook' into text field 'xpath://table//input[@id='email']'.</msg>
<status status="PASS" starttime="20200422 00:31:12.128" endtime="20200422 00:31:15.224"></status>
</kw>
<kw name="Sleep" library="BuiltIn">
<doc>Pauses the test executed for the given time.</doc>
<arguments>
<arg>10</arg>
</arguments>
<msg timestamp="20200422 00:31:25.225" level="INFO">Slept 10 seconds</msg>
<status status="PASS" starttime="20200422 00:31:15.224" endtime="20200422 00:31:25.226"></status>
</kw>
<kw name="Select Window" library="Selenium2Library">
<doc>Selects browser window matching ``locator``.</doc>
<arguments>
<arg>title=UMarket</arg>
</arguments>
<status status="PASS" starttime="20200422 00:31:25.226" endtime="20200422 00:31:33.273"></status>
</kw>
<status status="PASS" starttime="20200422 00:30:36.753" endtime="20200422 00:31:33.273"></status>
</kw>
<status status="PASS" starttime="20200422 00:30:36.752" endtime="20200422 00:31:33.274" critical="yes"></status>
</test>
<test id="s1-t11" name="Login to Tiwtter page">
<kw name="Login to Twitter">
<kw name="Sleep" library="BuiltIn">
<doc>Pauses the test executed for the given time.</doc>
<arguments>
<arg>8</arg>
</arguments>
<msg timestamp="20200422 00:31:41.275" level="INFO">Slept 8 seconds</msg>
<status status="PASS" starttime="20200422 00:31:33.275" endtime="20200422 00:31:41.276"></status>
</kw>
<kw name="Click Element" library="Selenium2Library">
<doc>Click element identified by ``locator``.</doc>
<arguments>
<arg>xpath://img[@id='comp-iruti9mw1imageimageimage']</arg>
</arguments>
<msg timestamp="20200422 00:31:41.277" level="INFO">Clicking element 'xpath://img[@id='comp-iruti9mw1imageimageimage']'.</msg>
<status status="PASS" starttime="20200422 00:31:41.276" endtime="20200422 00:31:43.509"></status>
</kw>
<kw name="Sleep" library="BuiltIn">
<doc>Pauses the test executed for the given time.</doc>
<arguments>
<arg>10</arg>
</arguments>
<msg timestamp="20200422 00:31:53.511" level="INFO">Slept 10 seconds</msg>
<status status="PASS" starttime="20200422 00:31:43.509" endtime="20200422 00:31:53.511"></status>
</kw>
<kw name="Select Window" library="Selenium2Library">
<doc>Selects browser window matching ``locator``.</doc>
<arguments>
<arg>title=Wix (@Wix) / Twitter</arg>
</arguments>
<status status="PASS" starttime="20200422 00:31:53.512" endtime="20200422 00:32:11.743"></status>
</kw>
<kw name="Get Title" library="Selenium2Library">
<doc>Returns the title of current page.</doc>
<assign>
<var>${title}</var>
</assign>
<msg timestamp="20200422 00:32:12.747" level="INFO">${title} = Wix (@Wix) / Twitter</msg>
<status status="PASS" starttime="20200422 00:32:11.744" endtime="20200422 00:32:12.747"></status>
</kw>
<kw name="Log" library="BuiltIn">
<doc>Logs the given message with the given level.</doc>
<arguments>
<arg>${title}</arg>
</arguments>
<msg timestamp="20200422 00:32:12.749" level="INFO">Wix (@Wix) / Twitter</msg>
<status status="PASS" starttime="20200422 00:32:12.748" endtime="20200422 00:32:12.749"></status>
</kw>
<kw name="Title Should Be" library="Selenium2Library">
<doc>Verifies that current page title equals ``title``.</doc>
<arguments>
<arg>Wix (@Wix) / Twitter</arg>
</arguments>
<msg timestamp="20200422 00:32:13.757" level="INFO">Page title is 'Wix (@Wix) / Twitter'.</msg>
<status status="PASS" starttime="20200422 00:32:12.750" endtime="20200422 00:32:13.757"></status>
</kw>
<kw name="Sleep" library="BuiltIn">
<doc>Pauses the test executed for the given time.</doc>
<arguments>
<arg>10</arg>
</arguments>
<msg timestamp="20200422 00:32:23.758" level="INFO">Slept 10 seconds</msg>
<status status="PASS" starttime="20200422 00:32:13.757" endtime="20200422 00:32:23.758"></status>
</kw>
<kw name="Select Window" library="Selenium2Library">
<doc>Selects browser window matching ``locator``.</doc>
<arguments>
<arg>title=UMarket</arg>
</arguments>
<status status="PASS" starttime="20200422 00:32:23.759" endtime="20200422 00:32:31.821"></status>
</kw>
<status status="PASS" starttime="20200422 00:31:33.274" endtime="20200422 00:32:31.822"></status>
</kw>
<status status="PASS" starttime="20200422 00:31:33.274" endtime="20200422 00:32:31.822" critical="yes"></status>
</test>
<test id="s1-t12" name="Login to Instagram">
<kw name="Login to Instagram">
<kw name="Sleep" library="BuiltIn">
<doc>Pauses the test executed for the given time.</doc>
<arguments>
<arg>8</arg>
</arguments>
<msg timestamp="20200422 00:32:39.824" level="INFO">Slept 8 seconds</msg>
<status status="PASS" starttime="20200422 00:32:31.824" endtime="20200422 00:32:39.825"></status>
</kw>
<kw name="Click Element" library="Selenium2Library">
<doc>Click element identified by ``locator``.</doc>
<arguments>
<arg>xpath://img[@id='comp-iruti9mw2imageimageimage']</arg>
</arguments>
<msg timestamp="20200422 00:32:39.825" level="INFO">Clicking element 'xpath://img[@id='comp-iruti9mw2imageimageimage']'.</msg>
<status status="PASS" starttime="20200422 00:32:39.825" endtime="20200422 00:32:42.054"></status>
</kw>
<kw name="Sleep" library="BuiltIn">
<doc>Pauses the test executed for the given time.</doc>
<arguments>
<arg>10</arg>
</arguments>
<msg timestamp="20200422 00:32:52.055" level="INFO">Slept 10 seconds</msg>
<status status="PASS" starttime="20200422 00:32:42.054" endtime="20200422 00:32:52.055"></status>
</kw>
<kw name="Select Window" library="Selenium2Library">
<doc>Selects browser window matching ``locator``.</doc>
<arguments>
<arg>title=Wix (@wix) • Instagram photos and videos</arg>
</arguments>
<status status="PASS" starttime="20200422 00:32:52.055" endtime="20200422 00:33:15.221"></status>
</kw>
<kw name="Get Title" library="Selenium2Library">
<doc>Returns the title of current page.</doc>
<assign>
<var>${title}</var>
</assign>
<msg timestamp="20200422 00:33:16.225" level="INFO">${title} = Wix (@wix) • Instagram photos and videos</msg>
<status status="PASS" starttime="20200422 00:33:15.222" endtime="20200422 00:33:16.225"></status>
</kw>
<kw name="Log" library="BuiltIn">
<doc>Logs the given message with the given level.</doc>
<arguments>
<arg>${title}</arg>
</arguments>
<msg timestamp="20200422 00:33:16.226" level="INFO">Wix (@wix) • Instagram photos and videos</msg>
<status status="PASS" starttime="20200422 00:33:16.226" endtime="20200422 00:33:16.226"></status>
</kw>
<kw name="Title Should Be" library="Selenium2Library">
<doc>Verifies that current page title equals ``title``.</doc>
<arguments>
<arg>Wix (@wix) • Instagram photos and videos</arg>
</arguments>
<msg timestamp="20200422 00:33:17.229" level="INFO">Page title is 'Wix (@wix) • Instagram photos and videos'.</msg>
<status status="PASS" starttime="20200422 00:33:16.226" endtime="20200422 00:33:17.230"></status>
</kw>
<kw name="Sleep" library="BuiltIn">
<doc>Pauses the test executed for the given time.</doc>
<arguments>
<arg>10</arg>
</arguments>
<msg timestamp="20200422 00:33:27.231" level="INFO">Slept 10 seconds</msg>
<status status="PASS" starttime="20200422 00:33:17.230" endtime="20200422 00:33:27.232"></status>
</kw>
<kw name="Select Window" library="Selenium2Library">
<doc>Selects browser window matching ``locator``.</doc>
<arguments>
<arg>title=UMarket</arg>
</arguments>
<status status="PASS" starttime="20200422 00:33:27.232" endtime="20200422 00:33:35.284"></status>
</kw>
<status status="PASS" starttime="20200422 00:32:31.823" endtime="20200422 00:33:35.284"></status>
</kw>
<status status="PASS" starttime="20200422 00:32:31.823" endtime="20200422 00:33:35.285" critical="yes"></status>
</test>
<doc>Andres Villas - Umarket Mobi Website Test Case</doc>
<status status="PASS" starttime="20200422 00:28:20.286" endtime="20200422 00:33:35.290"></status>
</suite>
<statistics>
<total>
<stat pass="12" fail="0">Critical Tests</stat>
<stat pass="12" fail="0">All Tests</stat>
</total>
<tag>
</tag>
<suite>
<stat pass="12" fail="0" id="s1" name="Umarketmobi Firefox">Umarketmobi Firefox</stat>
</suite>
</statistics>
<errors>
</errors>
</robot>
